[debug] [2025-04-03T14:49:59.615Z] ----------------------------------------------------------------------
[debug] [2025-04-03T14:49:59.626Z] Command:       C:\Program Files\nodejs\node.exe C:\Users\iazcarateu\AppData\Roaming\npm\node_modules\firebase-tools\lib\bin\firebase.js projects:create
[debug] [2025-04-03T14:49:59.626Z] CLI Version:   14.1.0
[debug] [2025-04-03T14:49:59.627Z] Platform:      win32
[debug] [2025-04-03T14:49:59.627Z] Node Version:  v22.11.0
[debug] [2025-04-03T14:49:59.627Z] Time:          Thu Apr 03 2025 16:49:59 GMT+0200 (hora de verano de Europa central)
[debug] [2025-04-03T14:49:59.628Z] ----------------------------------------------------------------------
[debug] 
[debug] [2025-04-03T14:49:59.645Z] > command requires scopes: ["email","openid","https://www.googleapis.com/auth/cloudplatformprojects.readonly","https://www.googleapis.com/auth/firebase","https://www.googleapis.com/auth/cloud-platform"]
[debug] [2025-04-03T14:49:59.646Z] > authorizing via signed-in user (iazkaurru@gmail.com)
[debug] [2025-04-03T14:50:23.893Z] Checked if tokens are valid: true, expires at: 1743693186070
[debug] [2025-04-03T14:50:23.893Z] Checked if tokens are valid: true, expires at: 1743693186070
[debug] [2025-04-03T14:50:23.894Z] >>> [apiv2][query] POST https://cloudresourcemanager.googleapis.com/v1/projects [none]
[debug] [2025-04-03T14:50:23.894Z] >>> [apiv2][body] POST https://cloudresourcemanager.googleapis.com/v1/projects {"projectId":"regional_mobility_dash","name":"regional_mobility_dash"}
[debug] [2025-04-03T14:50:24.735Z] <<< [apiv2][status] POST https://cloudresourcemanager.googleapis.com/v1/projects 400
[debug] [2025-04-03T14:50:24.735Z] <<< [apiv2][body] POST https://cloudresourcemanager.googleapis.com/v1/projects {"error":{"code":400,"message":"Request contains an invalid argument.","status":"INVALID_ARGUMENT","details":[{"@type":"type.googleapis.com/google.rpc.BadRequest","fieldViolations":[{"field":"project_id","description":"project_id contains invalid characters"},{"field":"display_name","description":"project display name contains invalid characters"}]},{"@type":"type.googleapis.com/google.rpc.Help","links":[{"url":"https://cloud.google.com/resource-manager/reference/rest/v1/projects"}]}]}}
[debug] [2025-04-03T14:50:24.864Z] FirebaseError: Request to https://cloudresourcemanager.googleapis.com/v1/projects had HTTP Error: 400, Request contains an invalid argument.
    at responseToError (C:\Users\iazcarateu\AppData\Roaming\npm\node_modules\firebase-tools\lib\responseToError.js:52:12)
    at RetryOperation._fn (C:\Users\iazcarateu\AppData\Roaming\npm\node_modules\firebase-tools\lib\apiv2.js:312:77)
    at process.processTicksAndRejections (node:internal/process/task_queues:105:5)
[error] 
[error] Error: Failed to create project. See firebase-debug.log for more info.
